# JRE version: OpenJDK Runtime Environment (8.0_232-b09) (build 1.8.0_232-b09)
# Java VM: OpenJDK 64-Bit Server VM (25.232-b09 mixed mode windows-amd64 compressed oops)
Heap:
 PSYoungGen      total 280576K, used 86088K [0x00000000d6180000, 0x00000000e8580000, 0x0000000100000000)
  eden space 262144K, 27% used [0x00000000d6180000,0x00000000da928130,0x00000000e6180000)
  from space 18432K, 68% used [0x00000000e7380000,0x00000000e7fea080,0x00000000e8580000)
  to   space 18432K, 0% used [0x00000000e6180000,0x00000000e6180000,0x00000000e7380000)
 ParOldGen       total 86016K, used 25713K [0x0000000082400000, 0x0000000087800000, 0x00000000d6180000)
  object space 86016K, 29% used [0x0000000082400000,0x0000000083d1c740,0x0000000087800000)
 Metaspace       used 19376K, capacity 19816K, committed 19968K, reserved 1067008K
  class space    used 2118K, capacity 2274K, committed 2304K, reserved 1048576K
GC Heap History (12 events):
Event: 1.105 GC heap before
{Heap before GC invocations=1 (full 0):
 PSYoungGen      total 37888K, used 32768K [0x00000000d6180000, 0x00000000d8b80000, 0x0000000100000000)
  eden space 32768K, 100% used [0x00000000d6180000,0x00000000d8180000,0x00000000d8180000)
  from space 5120K, 0% used [0x00000000d8680000,0x00000000d8680000,0x00000000d8b80000)
  to   space 5120K, 0% used [0x00000000d8180000,0x00000000d8180000,0x00000000d8680000)
 ParOldGen       total 86016K, used 0K [0x0000000082400000, 0x0000000087800000, 0x00000000d6180000)
  object space 86016K, 0% used [0x0000000082400000,0x0000000082400000,0x0000000087800000)
 Metaspace       used 8942K, capacity 9084K, committed 9344K, reserved 1056768K
  class space    used 993K, capacity 1048K, committed 1152K, reserved 1048576K
Event: 1.315 GC heap after
Heap after GC invocations=1 (full 0):
 PSYoungGen      total 37888K, used 4995K [0x00000000d6180000, 0x00000000dab80000, 0x0000000100000000)
  eden space 32768K, 0% used [0x00000000d6180000,0x00000000d6180000,0x00000000d8180000)
  from space 5120K, 97% used [0x00000000d8180000,0x00000000d8660ef8,0x00000000d8680000)
  to   space 5120K, 0% used [0x00000000da680000,0x00000000da680000,0x00000000dab80000)
 ParOldGen       total 86016K, used 0K [0x0000000082400000, 0x0000000087800000, 0x00000000d6180000)
  object space 86016K, 0% used [0x0000000082400000,0x0000000082400000,0x0000000087800000)
 Metaspace       used 8942K, capacity 9084K, committed 9344K, reserved 1056768K
  class space    used 993K, capacity 1048K, committed 1152K, reserved 1048576K
}
Event: 2.220 GC heap before
{Heap before GC invocations=2 (full 0):
 PSYoungGen      total 37888K, used 37763K [0x00000000d6180000, 0x00000000dab80000, 0x0000000100000000)
  eden space 32768K, 100% used [0x00000000d6180000,0x00000000d8180000,0x00000000d8180000)
  from space 5120K, 97% used [0x00000000d8180000,0x00000000d8660ef8,0x00000000d8680000)
  to   space 5120K, 0% used [0x00000000da680000,0x00000000da680000,0x00000000dab80000)
 ParOldGen       total 86016K, used 0K [0x0000000082400000, 0x0000000087800000, 0x00000000d6180000)
  object space 86016K, 0% used [0x0000000082400000,0x0000000082400000,0x0000000087800000)
 Metaspace       used 12484K, capacity 12654K, committed 12800K, reserved 1060864K
  class space    used 1435K, capacity 1509K, committed 1536K, reserved 1048576K
Event: 2.279 GC heap after
Heap after GC invocations=2 (full 0):
 PSYoungGen      total 70656K, used 5103K [0x00000000d6180000, 0x00000000dab80000, 0x0000000100000000)
  eden space 65536K, 0% used [0x00000000d6180000,0x00000000d6180000,0x00000000da180000)
  from space 5120K, 99% used [0x00000000da680000,0x00000000dab7bff0,0x00000000dab80000)
  to   space 5120K, 0% used [0x00000000da180000,0x00000000da180000,0x00000000da680000)
 ParOldGen       total 86016K, used 1742K [0x0000000082400000, 0x0000000087800000, 0x00000000d6180000)
  object space 86016K, 2% used [0x0000000082400000,0x00000000825b3bd8,0x0000000087800000)
 Metaspace       used 12484K, capacity 12654K, committed 12800K, reserved 1060864K
  class space    used 1435K, capacity 1509K, committed 1536K, reserved 1048576K
}
Event: 3.787 GC heap before
{Heap before GC invocations=3 (full 0):
 PSYoungGen      total 70656K, used 70639K [0x00000000d6180000, 0x00000000dab80000, 0x0000000100000000)
  eden space 65536K, 100% used [0x00000000d6180000,0x00000000da180000,0x00000000da180000)
  from space 5120K, 99% used [0x00000000da680000,0x00000000dab7bff0,0x00000000dab80000)
  to   space 5120K, 0% used [0x00000000da180000,0x00000000da180000,0x00000000da680000)
 ParOldGen       total 86016K, used 1742K [0x0000000082400000, 0x0000000087800000, 0x00000000d6180000)
  object space 86016K, 2% used [0x0000000082400000,0x00000000825b3bd8,0x0000000087800000)
 Metaspace       used 15753K, capacity 15976K, committed 16256K, reserved 1062912K
  class space    used 1784K, capacity 1876K, committed 1920K, reserved 1048576K
Event: 3.890 GC heap after
Heap after GC invocations=3 (full 0):
 PSYoungGen      total 70656K, used 5088K [0x00000000d6180000, 0x00000000deb80000, 0x0000000100000000)
  eden space 65536K, 0% used [0x00000000d6180000,0x00000000d6180000,0x00000000da180000)
  from space 5120K, 99% used [0x00000000da180000,0x00000000da678020,0x00000000da680000)
  to   space 5120K, 0% used [0x00000000de680000,0x00000000de680000,0x00000000deb80000)
 ParOldGen       total 86016K, used 8734K [0x0000000082400000, 0x0000000087800000, 0x00000000d6180000)
  object space 86016K, 10% used [0x0000000082400000,0x0000000082c87850,0x0000000087800000)
 Metaspace       used 15753K, capacity 15976K, committed 16256K, reserved 1062912K
  class space    used 1784K, capacity 1876K, committed 1920K, reserved 1048576K
}
Event: 4.571 GC heap before
{Heap before GC invocations=4 (full 0):
 PSYoungGen      total 70656K, used 70624K [0x00000000d6180000, 0x00000000deb80000, 0x0000000100000000)
  eden space 65536K, 100% used [0x00000000d6180000,0x00000000da180000,0x00000000da180000)
  from space 5120K, 99% used [0x00000000da180000,0x00000000da678020,0x00000000da680000)
  to   space 5120K, 0% used [0x00000000de680000,0x00000000de680000,0x00000000deb80000)
 ParOldGen       total 86016K, used 8734K [0x0000000082400000, 0x0000000087800000, 0x00000000d6180000)
  object space 86016K, 10% used [0x0000000082400000,0x0000000082c87850,0x0000000087800000)
 Metaspace       used 16126K, capacity 16394K, committed 16512K, reserved 1064960K
  class space    used 1803K, capacity 1919K, committed 1920K, reserved 1048576K
Event: 4.602 GC heap after
Heap after GC invocations=4 (full 0):
 PSYoungGen      total 136192K, used 5104K [0x00000000d6180000, 0x00000000deb80000, 0x0000000100000000)
  eden space 131072K, 0% used [0x00000000d6180000,0x00000000d6180000,0x00000000de180000)
  from space 5120K, 99% used [0x00000000de680000,0x00000000deb7c010,0x00000000deb80000)
  to   space 5120K, 0% used [0x00000000de180000,0x00000000de180000,0x00000000de680000)
 ParOldGen       total 86016K, used 15760K [0x0000000082400000, 0x0000000087800000, 0x00000000d6180000)
  object space 86016K, 18% used [0x0000000082400000,0x0000000083364260,0x0000000087800000)
 Metaspace       used 16126K, capacity 16394K, committed 16512K, reserved 1064960K
  class space    used 1803K, capacity 1919K, committed 1920K, reserved 1048576K
}
Event: 5.583 GC heap before
{Heap before GC invocations=5 (full 0):
 PSYoungGen      total 136192K, used 136176K [0x00000000d6180000, 0x00000000deb80000, 0x0000000100000000)
  eden space 131072K, 100% used [0x00000000d6180000,0x00000000de180000,0x00000000de180000)
  from space 5120K, 99% used [0x00000000de680000,0x00000000deb7c010,0x00000000deb80000)
  to   space 5120K, 0% used [0x00000000de180000,0x00000000de180000,0x00000000de680000)
 ParOldGen       total 86016K, used 15760K [0x0000000082400000, 0x0000000087800000, 0x00000000d6180000)
  object space 86016K, 18% used [0x0000000082400000,0x0000000083364260,0x0000000087800000)
 Metaspace       used 16512K, capacity 16784K, committed 17024K, reserved 1064960K
  class space    used 1805K, capacity 1920K, committed 1920K, reserved 1048576K
Event: 5.680 GC heap after
Heap after GC invocations=5 (full 0):
 PSYoungGen      total 136192K, used 5104K [0x00000000d6180000, 0x00000000e8580000, 0x0000000100000000)
  eden space 131072K, 0% used [0x00000000d6180000,0x00000000d6180000,0x00000000de180000)
  from space 5120K, 99% used [0x00000000de180000,0x00000000de67c010,0x00000000de680000)
  to   space 18432K, 0% used [0x00000000e7380000,0x00000000e7380000,0x00000000e8580000)
 ParOldGen       total 86016K, used 25713K [0x0000000082400000, 0x0000000087800000, 0x00000000d6180000)
  object space 86016K, 29% used [0x0000000082400000,0x0000000083d1c740,0x0000000087800000)
 Metaspace       used 16512K, capacity 16784K, committed 17024K, reserved 1064960K
  class space    used 1805K, capacity 1920K, committed 1920K, reserved 1048576K
}
Event: 6.859 GC heap before
{Heap before GC invocations=6 (full 0):
 PSYoungGen      total 136192K, used 136176K [0x00000000d6180000, 0x00000000e8580000, 0x0000000100000000)
  eden space 131072K, 100% used [0x00000000d6180000,0x00000000de180000,0x00000000de180000)
  from space 5120K, 99% used [0x00000000de180000,0x00000000de67c010,0x00000000de680000)
  to   space 18432K, 0% used [0x00000000e7380000,0x00000000e7380000,0x00000000e8580000)
 ParOldGen       total 86016K, used 25713K [0x0000000082400000, 0x0000000087800000, 0x00000000d6180000)
  object space 86016K, 29% used [0x0000000082400000,0x0000000083d1c740,0x0000000087800000)
 Metaspace       used 17842K, capacity 18220K, committed 18432K, reserved 1064960K
  class space    used 1929K, capacity 2034K, committed 2048K, reserved 1048576K
Event: 6.897 GC heap after
Heap after GC invocations=6 (full 0):
 PSYoungGen      total 280576K, used 12712K [0x00000000d6180000, 0x00000000e8580000, 0x0000000100000000)
  eden space 262144K, 0% used [0x00000000d6180000,0x00000000d6180000,0x00000000e6180000)
  from space 18432K, 68% used [0x00000000e7380000,0x00000000e7fea080,0x00000000e8580000)
  to   space 18432K, 0% used [0x00000000e6180000,0x00000000e6180000,0x00000000e7380000)
 ParOldGen       total 86016K, used 25713K [0x0000000082400000, 0x0000000087800000, 0x00000000d6180000)
  object space 86016K, 29% used [0x0000000082400000,0x0000000083d1c740,0x0000000087800000)
 Metaspace       used 17842K, capacity 18220K, committed 18432K, reserved 1064960K
  class space    used 1929K, capacity 2034K, committed 2048K, reserved 1048576K
}

