# JRE version: OpenJDK Runtime Environment (8.0_232-b09) (build 1.8.0_232-b09)
# Java VM: OpenJDK 64-Bit Server VM (25.232-b09 mixed mode windows-amd64 compressed oops)
Heap:
 PSYoungGen      total 69632K, used 18740K [0x00000000d6180000, 0x00000000db480000, 0x0000000100000000)
  eden space 58880K, 14% used [0x00000000d6180000,0x00000000d698d2f0,0x00000000d9b00000)
  from space 10752K, 97% used [0x00000000da700000,0x00000000db140000,0x00000000db180000)
  to   space 12288K, 0% used [0x00000000d9b00000,0x00000000d9b00000,0x00000000da700000)
 ParOldGen       total 86016K, used 6008K [0x0000000082400000, 0x0000000087800000, 0x00000000d6180000)
  object space 86016K, 6% used [0x0000000082400000,0x00000000829de340,0x0000000087800000)
 Metaspace       used 17766K, capacity 18010K, committed 18176K, reserved 1064960K
  class space    used 1925K, capacity 2013K, committed 2048K, reserved 1048576K
GC Heap History (16 events):
Event: 4.287 GC heap before
{Heap before GC invocations=1 (full 0):
 PSYoungGen      total 37888K, used 32768K [0x00000000d6180000, 0x00000000d8b80000, 0x0000000100000000)
  eden space 32768K, 100% used [0x00000000d6180000,0x00000000d8180000,0x00000000d8180000)
  from space 5120K, 0% used [0x00000000d8680000,0x00000000d8680000,0x00000000d8b80000)
  to   space 5120K, 0% used [0x00000000d8180000,0x00000000d8180000,0x00000000d8680000)
 ParOldGen       total 86016K, used 0K [0x0000000082400000, 0x0000000087800000, 0x00000000d6180000)
  object space 86016K, 0% used [0x0000000082400000,0x0000000082400000,0x0000000087800000)
 Metaspace       used 8856K, capacity 9054K, committed 9088K, reserved 1056768K
  class space    used 840K, capacity 889K, committed 896K, reserved 1048576K
Event: 4.292 GC heap after
Heap after GC invocations=1 (full 0):
 PSYoungGen      total 37888K, used 3405K [0x00000000d6180000, 0x00000000d8b80000, 0x0000000100000000)
  eden space 32768K, 0% used [0x00000000d6180000,0x00000000d6180000,0x00000000d8180000)
  from space 5120K, 66% used [0x00000000d8180000,0x00000000d84d3468,0x00000000d8680000)
  to   space 5120K, 0% used [0x00000000d8680000,0x00000000d8680000,0x00000000d8b80000)
 ParOldGen       total 86016K, used 8K [0x0000000082400000, 0x0000000087800000, 0x00000000d6180000)
  object space 86016K, 0% used [0x0000000082400000,0x0000000082402000,0x0000000087800000)
 Metaspace       used 8856K, capacity 9054K, committed 9088K, reserved 1056768K
  class space    used 840K, capacity 889K, committed 896K, reserved 1048576K
}
Event: 6.180 GC heap before
{Heap before GC invocations=2 (full 0):
 PSYoungGen      total 37888K, used 36173K [0x00000000d6180000, 0x00000000d8b80000, 0x0000000100000000)
  eden space 32768K, 100% used [0x00000000d6180000,0x00000000d8180000,0x00000000d8180000)
  from space 5120K, 66% used [0x00000000d8180000,0x00000000d84d3468,0x00000000d8680000)
  to   space 5120K, 0% used [0x00000000d8680000,0x00000000d8680000,0x00000000d8b80000)
 ParOldGen       total 86016K, used 8K [0x0000000082400000, 0x0000000087800000, 0x00000000d6180000)
  object space 86016K, 0% used [0x0000000082400000,0x0000000082402000,0x0000000087800000)
 Metaspace       used 10804K, capacity 10942K, committed 11264K, reserved 1058816K
  class space    used 1129K, capacity 1177K, committed 1280K, reserved 1048576K
Event: 6.186 GC heap after
Heap after GC invocations=2 (full 0):
 PSYoungGen      total 37888K, used 3846K [0x00000000d6180000, 0x00000000d8b80000, 0x0000000100000000)
  eden space 32768K, 0% used [0x00000000d6180000,0x00000000d6180000,0x00000000d8180000)
  from space 5120K, 75% used [0x00000000d8680000,0x00000000d8a418d0,0x00000000d8b80000)
  to   space 5120K, 0% used [0x00000000d8180000,0x00000000d8180000,0x00000000d8680000)
 ParOldGen       total 86016K, used 16K [0x0000000082400000, 0x0000000087800000, 0x00000000d6180000)
  object space 86016K, 0% used [0x0000000082400000,0x0000000082404000,0x0000000087800000)
 Metaspace       used 10804K, capacity 10942K, committed 11264K, reserved 1058816K
  class space    used 1129K, capacity 1177K, committed 1280K, reserved 1048576K
}
Event: 7.074 GC heap before
{Heap before GC invocations=3 (full 0):
 PSYoungGen      total 37888K, used 36614K [0x00000000d6180000, 0x00000000d8b80000, 0x0000000100000000)
  eden space 32768K, 100% used [0x00000000d6180000,0x00000000d8180000,0x00000000d8180000)
  from space 5120K, 75% used [0x00000000d8680000,0x00000000d8a418d0,0x00000000d8b80000)
  to   space 5120K, 0% used [0x00000000d8180000,0x00000000d8180000,0x00000000d8680000)
 ParOldGen       total 86016K, used 16K [0x0000000082400000, 0x0000000087800000, 0x00000000d6180000)
  object space 86016K, 0% used [0x0000000082400000,0x0000000082404000,0x0000000087800000)
 Metaspace       used 12352K, capacity 12464K, committed 12672K, reserved 1060864K
  class space    used 1297K, capacity 1341K, committed 1408K, reserved 1048576K
Event: 7.080 GC heap after
Heap after GC invocations=3 (full 0):
 PSYoungGen      total 37888K, used 4558K [0x00000000d6180000, 0x00000000d8b80000, 0x0000000100000000)
  eden space 32768K, 0% used [0x00000000d6180000,0x00000000d6180000,0x00000000d8180000)
  from space 5120K, 89% used [0x00000000d8180000,0x00000000d85f3a28,0x00000000d8680000)
  to   space 5120K, 0% used [0x00000000d8680000,0x00000000d8680000,0x00000000d8b80000)
 ParOldGen       total 86016K, used 24K [0x0000000082400000, 0x0000000087800000, 0x00000000d6180000)
  object space 86016K, 0% used [0x0000000082400000,0x0000000082406000,0x0000000087800000)
 Metaspace       used 12352K, capacity 12464K, committed 12672K, reserved 1060864K
  class space    used 1297K, capacity 1341K, committed 1408K, reserved 1048576K
}
Event: 8.084 GC heap before
{Heap before GC invocations=4 (full 0):
 PSYoungGen      total 37888K, used 37326K [0x00000000d6180000, 0x00000000d8b80000, 0x0000000100000000)
  eden space 32768K, 100% used [0x00000000d6180000,0x00000000d8180000,0x00000000d8180000)
  from space 5120K, 89% used [0x00000000d8180000,0x00000000d85f3a28,0x00000000d8680000)
  to   space 5120K, 0% used [0x00000000d8680000,0x00000000d8680000,0x00000000d8b80000)
 ParOldGen       total 86016K, used 24K [0x0000000082400000, 0x0000000087800000, 0x00000000d6180000)
  object space 86016K, 0% used [0x0000000082400000,0x0000000082406000,0x0000000087800000)
 Metaspace       used 14235K, capacity 14442K, committed 14720K, reserved 1062912K
  class space    used 1556K, capacity 1637K, committed 1664K, reserved 1048576K
Event: 8.091 GC heap after
Heap after GC invocations=4 (full 0):
 PSYoungGen      total 37888K, used 5106K [0x00000000d6180000, 0x00000000d8b80000, 0x0000000100000000)
  eden space 32768K, 0% used [0x00000000d6180000,0x00000000d6180000,0x00000000d8180000)
  from space 5120K, 99% used [0x00000000d8680000,0x00000000d8b7caa0,0x00000000d8b80000)
  to   space 5120K, 0% used [0x00000000d8180000,0x00000000d8180000,0x00000000d8680000)
 ParOldGen       total 86016K, used 94K [0x0000000082400000, 0x0000000087800000, 0x00000000d6180000)
  object space 86016K, 0% used [0x0000000082400000,0x0000000082417990,0x0000000087800000)
 Metaspace       used 14235K, capacity 14442K, committed 14720K, reserved 1062912K
  class space    used 1556K, capacity 1637K, committed 1664K, reserved 1048576K
}
Event: 9.094 GC heap before
{Heap before GC invocations=5 (full 0):
 PSYoungGen      total 37888K, used 37874K [0x00000000d6180000, 0x00000000d8b80000, 0x0000000100000000)
  eden space 32768K, 100% used [0x00000000d6180000,0x00000000d8180000,0x00000000d8180000)
  from space 5120K, 99% used [0x00000000d8680000,0x00000000d8b7caa0,0x00000000d8b80000)
  to   space 5120K, 0% used [0x00000000d8180000,0x00000000d8180000,0x00000000d8680000)
 ParOldGen       total 86016K, used 94K [0x0000000082400000, 0x0000000087800000, 0x00000000d6180000)
  object space 86016K, 0% used [0x0000000082400000,0x0000000082417990,0x0000000087800000)
 Metaspace       used 16454K, capacity 16684K, committed 16768K, reserved 1064960K
  class space    used 1827K, capacity 1904K, committed 1920K, reserved 1048576K
Event: 9.109 GC heap after
Heap after GC invocations=5 (full 0):
 PSYoungGen      total 37376K, used 5118K [0x00000000d6180000, 0x00000000d8e00000, 0x0000000100000000)
  eden space 32256K, 0% used [0x00000000d6180000,0x00000000d6180000,0x00000000d8100000)
  from space 5120K, 99% used [0x00000000d8180000,0x00000000d867f9e8,0x00000000d8680000)
  to   space 6656K, 0% used [0x00000000d8780000,0x00000000d8780000,0x00000000d8e00000)
 ParOldGen       total 86016K, used 814K [0x0000000082400000, 0x0000000087800000, 0x00000000d6180000)
  object space 86016K, 0% used [0x0000000082400000,0x00000000824cb908,0x0000000087800000)
 Metaspace       used 16454K, capacity 16684K, committed 16768K, reserved 1064960K
  class space    used 1827K, capacity 1904K, committed 1920K, reserved 1048576K
}
Event: 9.560 GC heap before
{Heap before GC invocations=6 (full 0):
 PSYoungGen      total 37376K, used 37374K [0x00000000d6180000, 0x00000000d8e00000, 0x0000000100000000)
  eden space 32256K, 100% used [0x00000000d6180000,0x00000000d8100000,0x00000000d8100000)
  from space 5120K, 99% used [0x00000000d8180000,0x00000000d867f9e8,0x00000000d8680000)
  to   space 6656K, 0% used [0x00000000d8780000,0x00000000d8780000,0x00000000d8e00000)
 ParOldGen       total 86016K, used 814K [0x0000000082400000, 0x0000000087800000, 0x00000000d6180000)
  object space 86016K, 0% used [0x0000000082400000,0x00000000824cb908,0x0000000087800000)
 Metaspace       used 17240K, capacity 17482K, committed 17664K, reserved 1064960K
  class space    used 1893K, capacity 1973K, committed 2048K, reserved 1048576K
Event: 9.655 GC heap after
Heap after GC invocations=6 (full 0):
 PSYoungGen      total 36864K, used 6640K [0x00000000d6180000, 0x00000000db180000, 0x0000000100000000)
  eden space 30208K, 0% used [0x00000000d6180000,0x00000000d6180000,0x00000000d7f00000)
  from space 6656K, 99% used [0x00000000d8780000,0x00000000d8dfc010,0x00000000d8e00000)
  to   space 8704K, 0% used [0x00000000d7f00000,0x00000000d7f00000,0x00000000d8780000)
 ParOldGen       total 86016K, used 2879K [0x0000000082400000, 0x0000000087800000, 0x00000000d6180000)
  object space 86016K, 3% used [0x0000000082400000,0x00000000826cfdc0,0x0000000087800000)
 Metaspace       used 17240K, capacity 17482K, committed 17664K, reserved 1064960K
  class space    used 1893K, capacity 1973K, committed 2048K, reserved 1048576K
}
Event: 10.103 GC heap before
{Heap before GC invocations=7 (full 0):
 PSYoungGen      total 36864K, used 36848K [0x00000000d6180000, 0x00000000db180000, 0x0000000100000000)
  eden space 30208K, 100% used [0x00000000d6180000,0x00000000d7f00000,0x00000000d7f00000)
  from space 6656K, 99% used [0x00000000d8780000,0x00000000d8dfc010,0x00000000d8e00000)
  to   space 8704K, 0% used [0x00000000d7f00000,0x00000000d7f00000,0x00000000d8780000)
 ParOldGen       total 86016K, used 2879K [0x0000000082400000, 0x0000000087800000, 0x00000000d6180000)
  object space 86016K, 3% used [0x0000000082400000,0x00000000826cfdc0,0x0000000087800000)
 Metaspace       used 17590K, capacity 17840K, committed 17920K, reserved 1064960K
  class space    used 1919K, capacity 2006K, committed 2048K, reserved 1048576K
Event: 10.140 GC heap after
Heap after GC invocations=7 (full 0):
 PSYoungGen      total 38912K, used 8688K [0x00000000d6180000, 0x00000000db180000, 0x0000000100000000)
  eden space 30208K, 0% used [0x00000000d6180000,0x00000000d6180000,0x00000000d7f00000)
  from space 8704K, 99% used [0x00000000d7f00000,0x00000000d877c010,0x00000000d8780000)
  to   space 10752K, 0% used [0x00000000da700000,0x00000000da700000,0x00000000db180000)
 ParOldGen       total 86016K, used 4894K [0x0000000082400000, 0x0000000087800000, 0x00000000d6180000)
  object space 86016K, 5% used [0x0000000082400000,0x00000000828c7b10,0x0000000087800000)
 Metaspace       used 17590K, capacity 17840K, committed 17920K, reserved 1064960K
  class space    used 1919K, capacity 2006K, committed 2048K, reserved 1048576K
}
Event: 11.271 GC heap before
{Heap before GC invocations=8 (full 0):
 PSYoungGen      total 38912K, used 38896K [0x00000000d6180000, 0x00000000db180000, 0x0000000100000000)
  eden space 30208K, 100% used [0x00000000d6180000,0x00000000d7f00000,0x00000000d7f00000)
  from space 8704K, 99% used [0x00000000d7f00000,0x00000000d877c010,0x00000000d8780000)
  to   space 10752K, 0% used [0x00000000da700000,0x00000000da700000,0x00000000db180000)
 ParOldGen       total 86016K, used 4894K [0x0000000082400000, 0x0000000087800000, 0x00000000d6180000)
  object space 86016K, 5% used [0x0000000082400000,0x00000000828c7b10,0x0000000087800000)
 Metaspace       used 17719K, capacity 17968K, committed 18176K, reserved 1064960K
  class space    used 1921K, capacity 2006K, committed 2048K, reserved 1048576K
Event: 11.291 GC heap after
Heap after GC invocations=8 (full 0):
 PSYoungGen      total 69632K, used 10496K [0x00000000d6180000, 0x00000000db480000, 0x0000000100000000)
  eden space 58880K, 0% used [0x00000000d6180000,0x00000000d6180000,0x00000000d9b00000)
  from space 10752K, 97% used [0x00000000da700000,0x00000000db140000,0x00000000db180000)
  to   space 12288K, 0% used [0x00000000d9b00000,0x00000000d9b00000,0x00000000da700000)
 ParOldGen       total 86016K, used 6008K [0x0000000082400000, 0x0000000087800000, 0x00000000d6180000)
  object space 86016K, 6% used [0x0000000082400000,0x00000000829de340,0x0000000087800000)
 Metaspace       used 17719K, capacity 17968K, committed 18176K, reserved 1064960K
  class space    used 1921K, capacity 2006K, committed 2048K, reserved 1048576K
}

