# JRE version: OpenJDK Runtime Environment (8.0_232-b09) (build 1.8.0_232-b09)
# Java VM: OpenJDK 64-Bit Server VM (25.232-b09 mixed mode windows-amd64 compressed oops)
Heap:
 PSYoungGen      total 139264K, used 82143K [0x00000000d6180000, 0x00000000e4a80000, 0x0000000100000000)
  eden space 123904K, 53% used [0x00000000d6180000,0x00000000da2b7e50,0x00000000dda80000)
  from space 15360K, 100% used [0x00000000dda80000,0x00000000de980000,0x00000000de980000)
  to   space 19968K, 0% used [0x00000000e3700000,0x00000000e3700000,0x00000000e4a80000)
 ParOldGen       total 86016K, used 15408K [0x0000000082400000, 0x0000000087800000, 0x00000000d6180000)
  object space 86016K, 17% used [0x0000000082400000,0x000000008330c2f0,0x0000000087800000)
 Metaspace       used 19451K, capacity 19790K, committed 19840K, reserved 1067008K
  class space    used 2050K, capacity 2131K, committed 2176K, reserved 1048576K
GC Heap History (18 events):
Event: 3.782 GC heap before
{Heap before GC invocations=1 (full 0):
 PSYoungGen      total 37888K, used 32768K [0x00000000d6180000, 0x00000000d8b80000, 0x0000000100000000)
  eden space 32768K, 100% used [0x00000000d6180000,0x00000000d8180000,0x00000000d8180000)
  from space 5120K, 0% used [0x00000000d8680000,0x00000000d8680000,0x00000000d8b80000)
  to   space 5120K, 0% used [0x00000000d8180000,0x00000000d8180000,0x00000000d8680000)
 ParOldGen       total 86016K, used 0K [0x0000000082400000, 0x0000000087800000, 0x00000000d6180000)
  object space 86016K, 0% used [0x0000000082400000,0x0000000082400000,0x0000000087800000)
 Metaspace       used 8882K, capacity 9054K, committed 9088K, reserved 1056768K
  class space    used 841K, capacity 889K, committed 896K, reserved 1048576K
Event: 3.802 GC heap after
Heap after GC invocations=1 (full 0):
 PSYoungGen      total 37888K, used 3354K [0x00000000d6180000, 0x00000000d8b80000, 0x0000000100000000)
  eden space 32768K, 0% used [0x00000000d6180000,0x00000000d6180000,0x00000000d8180000)
  from space 5120K, 65% used [0x00000000d8180000,0x00000000d84c6880,0x00000000d8680000)
  to   space 5120K, 0% used [0x00000000d8680000,0x00000000d8680000,0x00000000d8b80000)
 ParOldGen       total 86016K, used 8K [0x0000000082400000, 0x0000000087800000, 0x00000000d6180000)
  object space 86016K, 0% used [0x0000000082400000,0x0000000082402000,0x0000000087800000)
 Metaspace       used 8882K, capacity 9054K, committed 9088K, reserved 1056768K
  class space    used 841K, capacity 889K, committed 896K, reserved 1048576K
}
Event: 4.428 GC heap before
{Heap before GC invocations=2 (full 0):
 PSYoungGen      total 37888K, used 36122K [0x00000000d6180000, 0x00000000d8b80000, 0x0000000100000000)
  eden space 32768K, 100% used [0x00000000d6180000,0x00000000d8180000,0x00000000d8180000)
  from space 5120K, 65% used [0x00000000d8180000,0x00000000d84c6880,0x00000000d8680000)
  to   space 5120K, 0% used [0x00000000d8680000,0x00000000d8680000,0x00000000d8b80000)
 ParOldGen       total 86016K, used 8K [0x0000000082400000, 0x0000000087800000, 0x00000000d6180000)
  object space 86016K, 0% used [0x0000000082400000,0x0000000082402000,0x0000000087800000)
 Metaspace       used 10837K, capacity 11006K, committed 11264K, reserved 1058816K
  class space    used 1129K, capacity 1177K, committed 1280K, reserved 1048576K
Event: 4.442 GC heap after
Heap after GC invocations=2 (full 0):
 PSYoungGen      total 37888K, used 3878K [0x00000000d6180000, 0x00000000dab80000, 0x0000000100000000)
  eden space 32768K, 0% used [0x00000000d6180000,0x00000000d6180000,0x00000000d8180000)
  from space 5120K, 75% used [0x00000000d8680000,0x00000000d8a498b0,0x00000000d8b80000)
  to   space 5120K, 0% used [0x00000000d8180000,0x00000000d8180000,0x00000000d8680000)
 ParOldGen       total 86016K, used 8K [0x0000000082400000, 0x0000000087800000, 0x00000000d6180000)
  object space 86016K, 0% used [0x0000000082400000,0x0000000082402000,0x0000000087800000)
 Metaspace       used 10837K, capacity 11006K, committed 11264K, reserved 1058816K
  class space    used 1129K, capacity 1177K, committed 1280K, reserved 1048576K
}
Event: 5.855 GC heap before
{Heap before GC invocations=3 (full 0):
 PSYoungGen      total 37888K, used 36646K [0x00000000d6180000, 0x00000000dab80000, 0x0000000100000000)
  eden space 32768K, 100% used [0x00000000d6180000,0x00000000d8180000,0x00000000d8180000)
  from space 5120K, 75% used [0x00000000d8680000,0x00000000d8a498b0,0x00000000d8b80000)
  to   space 5120K, 0% used [0x00000000d8180000,0x00000000d8180000,0x00000000d8680000)
 ParOldGen       total 86016K, used 8K [0x0000000082400000, 0x0000000087800000, 0x00000000d6180000)
  object space 86016K, 0% used [0x0000000082400000,0x0000000082402000,0x0000000087800000)
 Metaspace       used 12347K, capacity 12496K, committed 12672K, reserved 1060864K
  class space    used 1314K, capacity 1372K, committed 1408K, reserved 1048576K
Event: 5.861 GC heap after
Heap after GC invocations=3 (full 0):
 PSYoungGen      total 37888K, used 4577K [0x00000000d6180000, 0x00000000dab80000, 0x0000000100000000)
  eden space 32768K, 0% used [0x00000000d6180000,0x00000000d6180000,0x00000000d8180000)
  from space 5120K, 89% used [0x00000000d8180000,0x00000000d85f86d0,0x00000000d8680000)
  to   space 5120K, 0% used [0x00000000da680000,0x00000000da680000,0x00000000dab80000)
 ParOldGen       total 86016K, used 16K [0x0000000082400000, 0x0000000087800000, 0x00000000d6180000)
  object space 86016K, 0% used [0x0000000082400000,0x0000000082404000,0x0000000087800000)
 Metaspace       used 12347K, capacity 12496K, committed 12672K, reserved 1060864K
  class space    used 1314K, capacity 1372K, committed 1408K, reserved 1048576K
}
Event: 6.827 GC heap before
{Heap before GC invocations=4 (full 0):
 PSYoungGen      total 37888K, used 37345K [0x00000000d6180000, 0x00000000dab80000, 0x0000000100000000)
  eden space 32768K, 100% used [0x00000000d6180000,0x00000000d8180000,0x00000000d8180000)
  from space 5120K, 89% used [0x00000000d8180000,0x00000000d85f86d0,0x00000000d8680000)
  to   space 5120K, 0% used [0x00000000da680000,0x00000000da680000,0x00000000dab80000)
 ParOldGen       total 86016K, used 16K [0x0000000082400000, 0x0000000087800000, 0x00000000d6180000)
  object space 86016K, 0% used [0x0000000082400000,0x0000000082404000,0x0000000087800000)
 Metaspace       used 14244K, capacity 14442K, committed 14720K, reserved 1062912K
  class space    used 1557K, capacity 1637K, committed 1664K, reserved 1048576K
Event: 6.835 GC heap after
Heap after GC invocations=4 (full 0):
 PSYoungGen      total 37888K, used 5107K [0x00000000d6180000, 0x00000000dab80000, 0x0000000100000000)
  eden space 32768K, 0% used [0x00000000d6180000,0x00000000d6180000,0x00000000d8180000)
  from space 5120K, 99% used [0x00000000da680000,0x00000000dab7ce18,0x00000000dab80000)
  to   space 5120K, 0% used [0x00000000d8180000,0x00000000d8180000,0x00000000d8680000)
 ParOldGen       total 86016K, used 134K [0x0000000082400000, 0x0000000087800000, 0x00000000d6180000)
  object space 86016K, 0% used [0x0000000082400000,0x0000000082421a58,0x0000000087800000)
 Metaspace       used 14244K, capacity 14442K, committed 14720K, reserved 1062912K
  class space    used 1557K, capacity 1637K, committed 1664K, reserved 1048576K
}
Event: 7.958 GC heap before
{Heap before GC invocations=5 (full 0):
 PSYoungGen      total 37888K, used 37875K [0x00000000d6180000, 0x00000000dab80000, 0x0000000100000000)
  eden space 32768K, 100% used [0x00000000d6180000,0x00000000d8180000,0x00000000d8180000)
  from space 5120K, 99% used [0x00000000da680000,0x00000000dab7ce18,0x00000000dab80000)
  to   space 5120K, 0% used [0x00000000d8180000,0x00000000d8180000,0x00000000d8680000)
 ParOldGen       total 86016K, used 134K [0x0000000082400000, 0x0000000087800000, 0x00000000d6180000)
  object space 86016K, 0% used [0x0000000082400000,0x0000000082421a58,0x0000000087800000)
 Metaspace       used 16459K, capacity 16684K, committed 16768K, reserved 1064960K
  class space    used 1828K, capacity 1904K, committed 1920K, reserved 1048576K
Event: 7.981 GC heap after
Heap after GC invocations=5 (full 0):
 PSYoungGen      total 37888K, used 5091K [0x00000000d6180000, 0x00000000dae80000, 0x0000000100000000)
  eden space 32768K, 0% used [0x00000000d6180000,0x00000000d6180000,0x00000000d8180000)
  from space 5120K, 99% used [0x00000000d8180000,0x00000000d8678e40,0x00000000d8680000)
  to   space 6656K, 0% used [0x00000000da800000,0x00000000da800000,0x00000000dae80000)
 ParOldGen       total 86016K, used 850K [0x0000000082400000, 0x0000000087800000, 0x00000000d6180000)
  object space 86016K, 0% used [0x0000000082400000,0x00000000824d4848,0x0000000087800000)
 Metaspace       used 16459K, capacity 16684K, committed 16768K, reserved 1064960K
  class space    used 1828K, capacity 1904K, committed 1920K, reserved 1048576K
}
Event: 10.106 GC heap before
{Heap before GC invocations=6 (full 0):
 PSYoungGen      total 37888K, used 37859K [0x00000000d6180000, 0x00000000dae80000, 0x0000000100000000)
  eden space 32768K, 100% used [0x00000000d6180000,0x00000000d8180000,0x00000000d8180000)
  from space 5120K, 99% used [0x00000000d8180000,0x00000000d8678e40,0x00000000d8680000)
  to   space 6656K, 0% used [0x00000000da800000,0x00000000da800000,0x00000000dae80000)
 ParOldGen       total 86016K, used 850K [0x0000000082400000, 0x0000000087800000, 0x00000000d6180000)
  object space 86016K, 0% used [0x0000000082400000,0x00000000824d4848,0x0000000087800000)
 Metaspace       used 17255K, capacity 17482K, committed 17664K, reserved 1064960K
  class space    used 1894K, capacity 1973K, committed 2048K, reserved 1048576K
Event: 10.122 GC heap after
Heap after GC invocations=6 (full 0):
 PSYoungGen      total 70144K, used 6624K [0x00000000d6180000, 0x00000000db280000, 0x0000000100000000)
  eden space 63488K, 0% used [0x00000000d6180000,0x00000000d6180000,0x00000000d9f80000)
  from space 6656K, 99% used [0x00000000da800000,0x00000000dae78040,0x00000000dae80000)
  to   space 8704K, 0% used [0x00000000d9f80000,0x00000000d9f80000,0x00000000da800000)
 ParOldGen       total 86016K, used 2903K [0x0000000082400000, 0x0000000087800000, 0x00000000d6180000)
  object space 86016K, 3% used [0x0000000082400000,0x00000000826d5cf0,0x0000000087800000)
 Metaspace       used 17255K, capacity 17482K, committed 17664K, reserved 1064960K
  class space    used 1894K, capacity 1973K, committed 2048K, reserved 1048576K
}
Event: 11.671 GC heap before
{Heap before GC invocations=7 (full 0):
 PSYoungGen      total 70144K, used 70112K [0x00000000d6180000, 0x00000000db280000, 0x0000000100000000)
  eden space 63488K, 100% used [0x00000000d6180000,0x00000000d9f80000,0x00000000d9f80000)
  from space 6656K, 99% used [0x00000000da800000,0x00000000dae78040,0x00000000dae80000)
  to   space 8704K, 0% used [0x00000000d9f80000,0x00000000d9f80000,0x00000000da800000)
 ParOldGen       total 86016K, used 2903K [0x0000000082400000, 0x0000000087800000, 0x00000000d6180000)
  object space 86016K, 3% used [0x0000000082400000,0x00000000826d5cf0,0x0000000087800000)
 Metaspace       used 17746K, capacity 18010K, committed 18176K, reserved 1064960K
  class space    used 1927K, capacity 2013K, committed 2048K, reserved 1048576K
Event: 11.728 GC heap after
Heap after GC invocations=7 (full 0):
 PSYoungGen      total 72192K, used 8688K [0x00000000d6180000, 0x00000000df580000, 0x0000000100000000)
  eden space 63488K, 0% used [0x00000000d6180000,0x00000000d6180000,0x00000000d9f80000)
  from space 8704K, 99% used [0x00000000d9f80000,0x00000000da7fc010,0x00000000da800000)
  to   space 12288K, 0% used [0x00000000de980000,0x00000000de980000,0x00000000df580000)
 ParOldGen       total 86016K, used 7686K [0x0000000082400000, 0x0000000087800000, 0x00000000d6180000)
  object space 86016K, 8% used [0x0000000082400000,0x0000000082b819d8,0x0000000087800000)
 Metaspace       used 17746K, capacity 18010K, committed 18176K, reserved 1064960K
  class space    used 1927K, capacity 2013K, committed 2048K, reserved 1048576K
}
Event: 14.422 GC heap before
{Heap before GC invocations=8 (full 0):
 PSYoungGen      total 72192K, used 72176K [0x00000000d6180000, 0x00000000df580000, 0x0000000100000000)
  eden space 63488K, 100% used [0x00000000d6180000,0x00000000d9f80000,0x00000000d9f80000)
  from space 8704K, 99% used [0x00000000d9f80000,0x00000000da7fc010,0x00000000da800000)
  to   space 12288K, 0% used [0x00000000de980000,0x00000000de980000,0x00000000df580000)
 ParOldGen       total 86016K, used 7686K [0x0000000082400000, 0x0000000087800000, 0x00000000d6180000)
  object space 86016K, 8% used [0x0000000082400000,0x0000000082b819d8,0x0000000087800000)
 Metaspace       used 18031K, capacity 18290K, committed 18432K, reserved 1064960K
  class space    used 1929K, capacity 2017K, committed 2048K, reserved 1048576K
Event: 14.480 GC heap after
Heap after GC invocations=8 (full 0):
 PSYoungGen      total 136192K, used 12288K [0x00000000d6180000, 0x00000000dfb80000, 0x0000000100000000)
  eden space 123904K, 0% used [0x00000000d6180000,0x00000000d6180000,0x00000000dda80000)
  from space 12288K, 100% used [0x00000000de980000,0x00000000df580000,0x00000000df580000)
  to   space 15360K, 0% used [0x00000000dda80000,0x00000000dda80000,0x00000000de980000)
 ParOldGen       total 86016K, used 10282K [0x0000000082400000, 0x0000000087800000, 0x00000000d6180000)
  object space 86016K, 11% used [0x0000000082400000,0x0000000082e0aa38,0x0000000087800000)
 Metaspace       used 18031K, capacity 18290K, committed 18432K, reserved 1064960K
  class space    used 1929K, capacity 2017K, committed 2048K, reserved 1048576K
}
Event: 16.496 GC heap before
{Heap before GC invocations=9 (full 0):
 PSYoungGen      total 136192K, used 136192K [0x00000000d6180000, 0x00000000dfb80000, 0x0000000100000000)
  eden space 123904K, 100% used [0x00000000d6180000,0x00000000dda80000,0x00000000dda80000)
  from space 12288K, 100% used [0x00000000de980000,0x00000000df580000,0x00000000df580000)
  to   space 15360K, 0% used [0x00000000dda80000,0x00000000dda80000,0x00000000de980000)
 ParOldGen       total 86016K, used 10282K [0x0000000082400000, 0x0000000087800000, 0x00000000d6180000)
  object space 86016K, 11% used [0x0000000082400000,0x0000000082e0aa38,0x0000000087800000)
 Metaspace       used 18522K, capacity 18808K, committed 18944K, reserved 1067008K
  class space    used 1940K, capacity 2018K, committed 2048K, reserved 1048576K
Event: 16.539 GC heap after
Heap after GC invocations=9 (full 0):
 PSYoungGen      total 139264K, used 15360K [0x00000000d6180000, 0x00000000e4a80000, 0x0000000100000000)
  eden space 123904K, 0% used [0x00000000d6180000,0x00000000d6180000,0x00000000dda80000)
  from space 15360K, 100% used [0x00000000dda80000,0x00000000de980000,0x00000000de980000)
  to   space 19968K, 0% used [0x00000000e3700000,0x00000000e3700000,0x00000000e4a80000)
 ParOldGen       total 86016K, used 15408K [0x0000000082400000, 0x0000000087800000, 0x00000000d6180000)
  object space 86016K, 17% used [0x0000000082400000,0x000000008330c2f0,0x0000000087800000)
 Metaspace       used 18522K, capacity 18808K, committed 18944K, reserved 1067008K
  class space    used 1940K, capacity 2018K, committed 2048K, reserved 1048576K
}

